TN:
SF:src/@types/express.d.ts
FNF:0
FNH:0
LF:0
LH:0
BRF:0
BRH:0
end_of_record
TN:
SF:src/__tests__/fakes/FakeAppointmentsRepository.ts
FN:7,(anonymous_14)
FN:10,(anonymous_16)
FN:15,(anonymous_19)
FN:23,(anonymous_20)
FNF:4
FNH:4
FNDA:3,(anonymous_14)
FNDA:3,(anonymous_16)
FNDA:1,(anonymous_19)
FNDA:2,(anonymous_20)
DA:1,1
DA:2,1
DA:5,1
DA:7,1
DA:8,2
DA:10,1
DA:11,3
DA:12,3
DA:14,3
DA:16,1
DA:20,3
DA:23,1
DA:24,2
DA:25,2
DA:27,2
DA:29,2
DA:31,2
DA:33,2
DA:35,1
DA:37,1
LF:20
LH:20
BRDA:16,0,0,1
BRDA:16,0,1,1
BRF:2
BRH:2
end_of_record
TN:
SF:src/config/auth.ts
FNF:0
FNH:0
DA:1,0
LF:1
LH:0
BRF:0
BRH:0
end_of_record
TN:
SF:src/config/upload.ts
FN:12,(anonymous_1)
FNF:1
FNH:0
FNDA:0,(anonymous_1)
DA:1,0
DA:2,0
DA:3,0
DA:5,0
DA:7,0
DA:13,0
DA:14,0
DA:16,0
LF:8
LH:0
BRF:0
BRH:0
end_of_record
TN:
SF:src/modules/appointments/infra/http/controllers/AppointmentsController.ts
FN:6,(anonymous_14)
FN:7,(anonymous_16)
FNF:2
FNH:0
FNDA:0,(anonymous_14)
FNDA:0,(anonymous_16)
DA:2,0
DA:3,0
DA:4,0
DA:6,0
DA:7,0
DA:8,0
DA:10,0
DA:12,0
DA:14,0
DA:19,0
DA:21,0
LF:11
LH:0
BRF:0
BRH:0
end_of_record
TN:
SF:src/modules/appointments/infra/http/routes/appointments.routes.ts
FNF:0
FNH:0
DA:1,0
DA:2,0
DA:3,0
DA:5,0
DA:6,0
DA:8,0
DA:16,0
DA:18,0
LF:8
LH:0
BRF:0
BRH:0
end_of_record
TN:
SF:src/modules/appointments/infra/typeorm/entities/Appointment.ts
FN:13,(anonymous_3)
FN:20,(anonymous_5)
FNF:2
FNH:1
FNDA:3,(anonymous_3)
FNDA:0,(anonymous_5)
DA:1,1
DA:10,1
DA:13,1
DA:15,1
DA:18,1
DA:20,0
DA:22,1
DA:25,1
DA:28,1
DA:31,1
DA:32,1
DA:34,1
LF:12
LH:11
BRF:0
BRH:0
end_of_record
TN:
SF:src/modules/appointments/infra/typeorm/repositories/AppointmentsRepository.ts
FN:6,(anonymous_14)
FN:9,AppointmentsRepository
FN:13,(anonymous_16)
FN:24,(anonymous_19)
FNF:4
FNH:0
FNDA:0,(anonymous_14)
FNDA:0,AppointmentsRepository
FNDA:0,(anonymous_16)
FNDA:0,(anonymous_19)
DA:1,0
DA:2,0
DA:6,0
DA:10,0
DA:13,0
DA:14,0
DA:15,0
DA:17,0
DA:21,0
DA:24,0
DA:25,0
DA:26,0
DA:28,0
DA:30,0
DA:32,0
DA:34,0
DA:36,0
LF:17
LH:0
BRDA:17,0,0,0
BRF:1
BRH:0
end_of_record
TN:
SF:src/modules/appointments/services/CreateAppointmentService.ts
FN:14,(anonymous_18)
FN:15,CreateAppointmentService
FN:20,(anonymous_20)
FNF:3
FNH:3
FNDA:1,(anonymous_18)
FNDA:2,CreateAppointmentService
FNDA:3,(anonymous_20)
DA:2,1
DA:3,1
DA:4,1
DA:14,1
DA:17,2
DA:20,3
DA:21,3
DA:23,3
DA:30,3
DA:31,1
DA:34,2
DA:39,2
DA:41,1
DA:43,1
LF:14
LH:14
BRDA:30,0,0,1
BRDA:30,0,1,2
BRF:2
BRH:2
end_of_record
TN:
SF:src/modules/users/infra/http/controllers/SessionsController.ts
FN:5,(anonymous_14)
FN:6,(anonymous_16)
FNF:2
FNH:0
FNDA:0,(anonymous_14)
FNDA:0,(anonymous_16)
DA:2,0
DA:3,0
DA:5,0
DA:6,0
DA:7,0
DA:9,0
DA:11,0
DA:13,0
DA:15,0
DA:17,0
LF:10
LH:0
BRF:0
BRH:0
end_of_record
TN:
SF:src/modules/users/infra/http/controllers/UserAvatarController.ts
FN:5,(anonymous_14)
FN:6,(anonymous_16)
FNF:2
FNH:0
FNDA:0,(anonymous_14)
FNDA:0,(anonymous_16)
DA:1,0
DA:3,0
DA:5,0
DA:6,0
DA:7,0
DA:9,0
DA:14,0
DA:16,0
DA:18,0
LF:9
LH:0
BRF:0
BRH:0
end_of_record
TN:
SF:src/modules/users/infra/http/controllers/UsersController.ts
FN:5,(anonymous_14)
FN:6,(anonymous_16)
FNF:2
FNH:0
FNDA:0,(anonymous_14)
FNDA:0,(anonymous_16)
DA:2,0
DA:3,0
DA:5,0
DA:6,0
DA:8,0
DA:10,0
DA:12,0
DA:18,0
DA:20,0
DA:22,0
DA:25,0
LF:11
LH:0
BRF:0
BRH:0
end_of_record
TN:
SF:src/modules/users/infra/http/middlewares/ensureAuthenticated.ts
FN:18,ensureAuthenticated
FNF:1
FNH:0
FNDA:0,ensureAuthenticated
DA:6,0
DA:8,0
DA:9,0
DA:18,0
DA:24,0
DA:26,0
DA:27,0
DA:31,0
DA:33,0
DA:34,0
DA:36,0
DA:38,0
DA:42,0
DA:44,0
LF:14
LH:0
BRDA:26,0,0,0
BRDA:26,0,1,0
BRF:2
BRH:0
end_of_record
TN:
SF:src/modules/users/infra/http/routes/sessions.routes.ts
FNF:0
FNH:0
DA:1,0
DA:2,0
DA:4,0
DA:5,0
DA:7,0
DA:9,0
LF:6
LH:0
BRF:0
BRH:0
end_of_record
TN:
SF:src/modules/users/infra/http/routes/users.routes.ts
FNF:0
FNH:0
DA:1,0
DA:2,0
DA:3,0
DA:4,0
DA:5,0
DA:6,0
DA:8,0
DA:9,0
DA:10,0
DA:11,0
DA:13,0
DA:15,0
DA:22,0
LF:13
LH:0
BRF:0
BRH:0
end_of_record
TN:
SF:src/modules/users/infra/typeorm/entities/User.ts
FN:10,(anonymous_2)
FNF:1
FNH:1
FNDA:1,(anonymous_2)
DA:1,1
DA:10,1
DA:12,1
DA:15,1
DA:18,1
DA:21,1
DA:24,1
DA:27,1
DA:30,1
DA:31,1
DA:33,1
LF:11
LH:11
BRF:0
BRH:0
end_of_record
TN:
SF:src/modules/users/infra/typeorm/repositories/UsersRepository.ts
FN:6,(anonymous_14)
FN:9,UsersRepository
FN:13,(anonymous_16)
FN:19,(anonymous_19)
FN:29,(anonymous_22)
FN:37,(anonymous_25)
FNF:6
FNH:0
FNDA:0,(anonymous_14)
FNDA:0,UsersRepository
FNDA:0,(anonymous_16)
FNDA:0,(anonymous_19)
FNDA:0,(anonymous_22)
FNDA:0,(anonymous_25)
DA:1,0
DA:2,0
DA:6,0
DA:10,0
DA:13,0
DA:14,0
DA:16,0
DA:19,0
DA:20,0
DA:26,0
DA:29,0
DA:30,0
DA:32,0
DA:34,0
DA:37,0
DA:38,0
DA:40,0
DA:42,0
LF:18
LH:0
BRDA:14,0,0,0
BRDA:20,1,0,0
BRF:2
BRH:0
end_of_record
TN:
SF:src/modules/users/services/AuthenticateUserService.ts
FN:20,(anonymous_18)
FN:21,AuthenticateUserSevice
FN:26,(anonymous_20)
FNF:3
FNH:0
FNDA:0,(anonymous_18)
FNDA:0,AuthenticateUserSevice
FNDA:0,(anonymous_20)
DA:1,0
DA:2,0
DA:3,0
DA:4,0
DA:5,0
DA:20,0
DA:23,0
DA:26,0
DA:27,0
DA:29,0
DA:30,0
DA:33,0
DA:35,0
DA:36,0
DA:39,0
DA:41,0
DA:46,0
DA:51,0
LF:18
LH:0
BRDA:27,0,0,0
BRDA:29,1,0,0
BRDA:29,1,1,0
BRDA:35,2,0,0
BRDA:35,2,1,0
BRF:5
BRH:0
end_of_record
TN:
SF:src/modules/users/services/CreateUserService.ts
FN:14,(anonymous_18)
FN:15,CreateUserService
FN:20,(anonymous_20)
FNF:3
FNH:0
FNDA:0,(anonymous_18)
FNDA:0,CreateUserService
FNDA:0,(anonymous_20)
DA:1,0
DA:2,0
DA:4,0
DA:14,0
DA:17,0
DA:20,0
DA:21,0
DA:23,0
DA:24,0
DA:27,0
DA:29,0
DA:35,0
DA:37,0
DA:39,0
LF:14
LH:0
BRDA:21,0,0,0
BRDA:23,1,0,0
BRDA:23,1,1,0
BRF:3
BRH:0
end_of_record
TN:
SF:src/modules/users/services/UpdateUserAvatarService.ts
FN:15,(anonymous_18)
FN:16,UpdateAvatarService
FN:21,(anonymous_20)
FNF:3
FNH:0
FNDA:0,(anonymous_18)
FNDA:0,UpdateAvatarService
FNDA:0,(anonymous_20)
DA:1,0
DA:2,0
DA:3,0
DA:4,0
DA:7,0
DA:15,0
DA:18,0
DA:21,0
DA:22,0
DA:24,0
DA:25,0
DA:28,0
DA:29,0
DA:30,0
DA:32,0
DA:33,0
DA:37,0
DA:39,0
DA:41,0
DA:43,0
DA:44,0
LF:21
LH:0
BRDA:22,0,0,0
BRDA:24,1,0,0
BRDA:24,1,1,0
BRDA:28,2,0,0
BRDA:28,2,1,0
BRDA:32,3,0,0
BRDA:32,3,1,0
BRF:7
BRH:0
end_of_record
TN:
SF:src/shared/container/index.ts
FNF:0
FNH:0
DA:1,0
DA:4,0
DA:7,0
DA:9,0
DA:14,0
LF:5
LH:0
BRF:0
BRH:0
end_of_record
TN:
SF:src/shared/errors/AppError.ts
FN:6,(anonymous_0)
FN:11,Error
FNF:2
FNH:2
FNDA:1,(anonymous_0)
FNDA:1,Error
DA:6,1
DA:11,2
DA:12,1
DA:13,1
DA:15,1
LF:5
LH:5
BRDA:11,0,0,1
BRDA:11,0,1,0
BRF:2
BRH:1
end_of_record
TN:
SF:src/shared/infra/http/server.ts
FN:21,(anonymous_1)
FN:38,(anonymous_2)
FNF:2
FNH:0
FNDA:0,(anonymous_1)
FNDA:0,(anonymous_2)
DA:1,0
DA:2,0
DA:3,0
DA:4,0
DA:6,0
DA:7,0
DA:8,0
DA:10,0
DA:11,0
DA:13,0
DA:15,0
DA:16,0
DA:17,0
DA:18,0
DA:21,0
DA:22,0
DA:23,0
DA:30,0
DA:32,0
DA:38,0
DA:40,0
LF:21
LH:0
BRDA:22,0,0,0
BRDA:22,0,1,0
BRF:2
BRH:0
end_of_record
TN:
SF:src/shared/infra/http/routes/index.ts
FNF:0
FNH:0
DA:1,0
DA:2,0
DA:3,0
DA:4,0
DA:6,0
DA:8,0
DA:10,0
DA:12,0
DA:14,0
LF:9
LH:0
BRF:0
BRH:0
end_of_record
TN:
SF:src/shared/infra/typeorm/index.ts
FNF:0
FNH:0
DA:4,0
DA:6,0
LF:2
LH:0
BRF:0
BRH:0
end_of_record
TN:
SF:src/shared/infra/typeorm/migrations/1592999447252-CreateAppointments.ts
FN:6,(anonymous_13)
FN:8,(anonymous_15)
FN:43,(anonymous_18)
FNF:3
FNH:0
FNDA:0,(anonymous_13)
FNDA:0,(anonymous_15)
FNDA:0,(anonymous_18)
DA:1,0
DA:6,0
DA:8,0
DA:9,0
DA:43,0
DA:44,0
DA:46,0
LF:7
LH:0
BRDA:9,0,0,0
BRDA:44,1,0,0
BRF:2
BRH:0
end_of_record
TN:
SF:src/shared/infra/typeorm/migrations/1593081369248-CreateUsers.ts
FN:7,(anonymous_13)
FN:9,(anonymous_15)
FN:49,(anonymous_18)
FNF:3
FNH:0
FNDA:0,(anonymous_13)
FNDA:0,(anonymous_15)
FNDA:0,(anonymous_18)
DA:1,0
DA:7,0
DA:9,0
DA:10,0
DA:49,0
DA:50,0
DA:52,0
LF:7
LH:0
BRDA:10,0,0,0
BRDA:50,1,0,0
BRF:2
BRH:0
end_of_record
TN:
SF:src/shared/infra/typeorm/migrations/1593083858799-AlterProviderFieldToProviderId.ts
FN:13,(anonymous_13)
FN:15,(anonymous_15)
FN:58,(anonymous_18)
FNF:3
FNH:0
FNDA:0,(anonymous_13)
FNDA:0,(anonymous_15)
FNDA:0,(anonymous_18)
DA:1,0
DA:13,0
DA:15,0
DA:16,0
DA:26,0
DA:36,0
DA:38,0
DA:46,0
DA:58,0
DA:59,0
DA:61,0
DA:63,0
DA:71,0
DA:81,0
DA:92,0
LF:15
LH:0
BRDA:16,0,0,0
BRDA:59,1,0,0
BRF:2
BRH:0
end_of_record
TN:
SF:src/shared/infra/typeorm/migrations/1593103178838-AddAvatarFieldToUsers.ts
FN:7,(anonymous_13)
FN:9,(anonymous_15)
FN:19,(anonymous_18)
FNF:3
FNH:0
FNDA:0,(anonymous_13)
FNDA:0,(anonymous_15)
FNDA:0,(anonymous_18)
DA:1,0
DA:7,0
DA:9,0
DA:10,0
DA:19,0
DA:20,0
DA:23,0
LF:7
LH:0
BRDA:10,0,0,0
BRDA:20,1,0,0
BRF:2
BRH:0
end_of_record
